SYMBOLS
-------------
Name            Type    Int_Typ    Offset/Size    Line    Parent 
-----------------------------------------------------------------
a               Int     None       0              8       main           
b               Int     None       4              8       main           
t               Int     None       8              8       main           
i               Int     None       12             8       main           
d               Int     None       16             9       main           
i_1             Int     None       20             20      main           
main            Main    Int        24             0       None           


CODE
----

0    GOTO 1
1    a := 2
2    b := 8
3    t := 9
4    IF (t < 15) GOTO 6
5    GOTO 10
6    IF (a < b) GOTO 8
7    GOTO 4
8    b := a
9    GOTO 4
10   i := 0
11   IF (i < 10) GOTO 15
12   GOTO 18
13   i := i + 1
14   GOTO 11
15   i_1 := a + 1
16   a := i_1
17   GOTO 13
18   RETURN 0
