   0  $accept : program_head $end

   1  program_head : program

   2  program : jump_marker function
   3          | program function

   4  function : var_type id '(' parameter_list ')' ';'
   5           | var_type id '(' parameter_list ')' function_body

   6  function_body : '{' statement_list '}'
   7                | '{' declaration_list statement_list '}'

   8  declaration_list : declaration ';'
   9                   | declaration_list declaration ';'

  10  declaration : INT id
  11              | FLOAT id
  12              | declaration ',' id

  13  parameter_list : INT id
  14                 | FLOAT id
  15                 | parameter_list ',' INT id
  16                 | parameter_list ',' FLOAT id
  17                 | VOID
  18                 |

  19  var_type : INT
  20           | VOID
  21           | FLOAT

  22  statement_list : statement
  23                 | statement_list marker statement

  24  statement : matched_statement
  25            | unmatched_statement

  26  matched_statement : IF '(' assignment ')' marker matched_statement jump_marker ELSE marker matched_statement
  27                    | assignment ';'
  28                    | RETURN ';'
  29                    | RETURN assignment ';'
  30                    | WHILE marker '(' assignment ')' marker matched_statement jump_marker
  31                    | DO marker statement WHILE '(' marker assignment ')' ';'
  32                    | FOR '(' assignment ';' marker assignment ';' marker assignment jump_marker ')' marker matched_statement jump_marker
  33                    | '{' statement_list '}'
  34                    | '{' '}'

  35  unmatched_statement : IF '(' assignment ')' marker statement
  36                      | WHILE marker '(' assignment ')' marker unmatched_statement jump_marker
  37                      | FOR '(' assignment ';' marker assignment ';' marker assignment jump_marker ')' marker unmatched_statement jump_marker
  38                      | IF '(' assignment ')' marker matched_statement jump_marker ELSE marker unmatched_statement

  39  assignment : expression
  40             | id '=' expression

  41  expression : INC_OP expression
  42             | DEC_OP expression
  43             | expression LOG_OR marker expression
  44             | expression LOG_AND marker expression
  45             | expression NOT_EQUAL expression
  46             | expression EQUAL expression
  47             | expression GREATER_OR_EQUAL expression
  48             | expression LESS_OR_EQUAL expression
  49             | expression '>' expression
  50             | expression '<' expression
  51             | expression SHIFTLEFT expression
  52             | expression '+' expression
  53             | expression '-' expression
  54             | expression '*' expression
  55             | expression '/' expression
  56             | expression '%' expression
  57             | '!' expression
  58             | U_PLUS expression
  59             | U_MINUS expression
  60             | CONSTANT
  61             | '(' expression ')'
  62             | id '(' exp_list ')'
  63             | id '(' ')'
  64             | id

  65  exp_list : expression
  66           | exp_list ',' expression

  67  id : IDENTIFIER

  68  marker :

  69  jump_marker :

state 0
	$accept : . program_head $end  (0)
	jump_marker : .  (69)

	.  reduce 69

	program_head  goto 1
	program  goto 2
	jump_marker  goto 3


state 1
	$accept : program_head . $end  (0)

	$end  accept


state 2
	program_head : program .  (1)
	program : program . function  (3)

	VOID  shift 4
	INT  shift 5
	FLOAT  shift 6
	$end  reduce 1

	var_type  goto 7
	function  goto 8


state 3
	program : jump_marker . function  (2)

	VOID  shift 4
	INT  shift 5
	FLOAT  shift 6
	.  error

	var_type  goto 7
	function  goto 9


state 4
	var_type : VOID .  (20)

	.  reduce 20


state 5
	var_type : INT .  (19)

	.  reduce 19


state 6
	var_type : FLOAT .  (21)

	.  reduce 21


state 7
	function : var_type . id '(' parameter_list ')' ';'  (4)
	function : var_type . id '(' parameter_list ')' function_body  (5)

	IDENTIFIER  shift 10
	.  error

	id  goto 11


state 8
	program : program function .  (3)

	.  reduce 3


state 9
	program : jump_marker function .  (2)

	.  reduce 2


state 10
	id : IDENTIFIER .  (67)

	.  reduce 67


state 11
	function : var_type id . '(' parameter_list ')' ';'  (4)
	function : var_type id . '(' parameter_list ')' function_body  (5)

	'('  shift 12
	.  error


state 12
	function : var_type id '(' . parameter_list ')' ';'  (4)
	function : var_type id '(' . parameter_list ')' function_body  (5)
	parameter_list : .  (18)

	VOID  shift 13
	INT  shift 14
	FLOAT  shift 15
	')'  reduce 18
	','  reduce 18

	parameter_list  goto 16


state 13
	parameter_list : VOID .  (17)

	.  reduce 17


state 14
	parameter_list : INT . id  (13)

	IDENTIFIER  shift 10
	.  error

	id  goto 17


state 15
	parameter_list : FLOAT . id  (14)

	IDENTIFIER  shift 10
	.  error

	id  goto 18


state 16
	function : var_type id '(' parameter_list . ')' ';'  (4)
	function : var_type id '(' parameter_list . ')' function_body  (5)
	parameter_list : parameter_list . ',' INT id  (15)
	parameter_list : parameter_list . ',' FLOAT id  (16)

	')'  shift 19
	','  shift 20
	.  error


state 17
	parameter_list : INT id .  (13)

	.  reduce 13


state 18
	parameter_list : FLOAT id .  (14)

	.  reduce 14


state 19
	function : var_type id '(' parameter_list ')' . ';'  (4)
	function : var_type id '(' parameter_list ')' . function_body  (5)

	';'  shift 21
	'{'  shift 22
	.  error

	function_body  goto 23


state 20
	parameter_list : parameter_list ',' . INT id  (15)
	parameter_list : parameter_list ',' . FLOAT id  (16)

	INT  shift 24
	FLOAT  shift 25
	.  error


state 21
	function : var_type id '(' parameter_list ')' ';' .  (4)

	.  reduce 4


state 22
	function_body : '{' . statement_list '}'  (6)
	function_body : '{' . declaration_list statement_list '}'  (7)

	INT  shift 26
	FLOAT  shift 27
	CONSTANT  shift 28
	IDENTIFIER  shift 10
	IF  shift 29
	RETURN  shift 30
	DO  shift 31
	WHILE  shift 32
	FOR  shift 33
	INC_OP  shift 34
	DEC_OP  shift 35
	U_PLUS  shift 36
	U_MINUS  shift 37
	'!'  shift 38
	'('  shift 39
	'{'  shift 40
	.  error

	id  goto 41
	declaration  goto 42
	expression  goto 43
	assignment  goto 44
	statement  goto 45
	statement_list  goto 46
	matched_statement  goto 47
	unmatched_statement  goto 48
	declaration_list  goto 49


state 23
	function : var_type id '(' parameter_list ')' function_body .  (5)

	.  reduce 5


state 24
	parameter_list : parameter_list ',' INT . id  (15)

	IDENTIFIER  shift 10
	.  error

	id  goto 50


state 25
	parameter_list : parameter_list ',' FLOAT . id  (16)

	IDENTIFIER  shift 10
	.  error

	id  goto 51


state 26
	declaration : INT . id  (10)

	IDENTIFIER  shift 10
	.  error

	id  goto 52


state 27
	declaration : FLOAT . id  (11)

	IDENTIFIER  shift 10
	.  error

	id  goto 53


state 28
	expression : CONSTANT .  (60)

	.  reduce 60


state 29
	matched_statement : IF . '(' assignment ')' marker matched_statement jump_marker ELSE marker matched_statement  (26)
	unmatched_statement : IF . '(' assignment ')' marker statement  (35)
	unmatched_statement : IF . '(' assignment ')' marker matched_statement jump_marker ELSE marker unmatched_statement  (38)

	'('  shift 54
	.  error


state 30
	matched_statement : RETURN . ';'  (28)
	matched_statement : RETURN . assignment ';'  (29)

	CONSTANT  shift 28
	IDENTIFIER  shift 10
	INC_OP  shift 34
	DEC_OP  shift 35
	U_PLUS  shift 36
	U_MINUS  shift 37
	'!'  shift 38
	'('  shift 39
	';'  shift 55
	.  error

	id  goto 41
	expression  goto 43
	assignment  goto 56


state 31
	matched_statement : DO . marker statement WHILE '(' marker assignment ')' ';'  (31)
	marker : .  (68)

	.  reduce 68

	marker  goto 57


state 32
	matched_statement : WHILE . marker '(' assignment ')' marker matched_statement jump_marker  (30)
	unmatched_statement : WHILE . marker '(' assignment ')' marker unmatched_statement jump_marker  (36)
	marker : .  (68)

	.  reduce 68

	marker  goto 58


state 33
	matched_statement : FOR . '(' assignment ';' marker assignment ';' marker assignment jump_marker ')' marker matched_statement jump_marker  (32)
	unmatched_statement : FOR . '(' assignment ';' marker assignment ';' marker assignment jump_marker ')' marker unmatched_statement jump_marker  (37)

	'('  shift 59
	.  error


state 34
	expression : INC_OP . expression  (41)

	CONSTANT  shift 28
	IDENTIFIER  shift 10
	INC_OP  shift 34
	DEC_OP  shift 35
	U_PLUS  shift 36
	U_MINUS  shift 37
	'!'  shift 38
	'('  shift 39
	.  error

	id  goto 60
	expression  goto 61


state 35
	expression : DEC_OP . expression  (42)

	CONSTANT  shift 28
	IDENTIFIER  shift 10
	INC_OP  shift 34
	DEC_OP  shift 35
	U_PLUS  shift 36
	U_MINUS  shift 37
	'!'  shift 38
	'('  shift 39
	.  error

	id  goto 60
	expression  goto 62


state 36
	expression : U_PLUS . expression  (58)

	CONSTANT  shift 28
	IDENTIFIER  shift 10
	INC_OP  shift 34
	DEC_OP  shift 35
	U_PLUS  shift 36
	U_MINUS  shift 37
	'!'  shift 38
	'('  shift 39
	.  error

	id  goto 60
	expression  goto 63


state 37
	expression : U_MINUS . expression  (59)

	CONSTANT  shift 28
	IDENTIFIER  shift 10
	INC_OP  shift 34
	DEC_OP  shift 35
	U_PLUS  shift 36
	U_MINUS  shift 37
	'!'  shift 38
	'('  shift 39
	.  error

	id  goto 60
	expression  goto 64


state 38
	expression : '!' . expression  (57)

	CONSTANT  shift 28
	IDENTIFIER  shift 10
	INC_OP  shift 34
	DEC_OP  shift 35
	U_PLUS  shift 36
	U_MINUS  shift 37
	'!'  shift 38
	'('  shift 39
	.  error

	id  goto 60
	expression  goto 65


state 39
	expression : '(' . expression ')'  (61)

	CONSTANT  shift 28
	IDENTIFIER  shift 10
	INC_OP  shift 34
	DEC_OP  shift 35
	U_PLUS  shift 36
	U_MINUS  shift 37
	'!'  shift 38
	'('  shift 39
	.  error

	id  goto 60
	expression  goto 66


state 40
	matched_statement : '{' . statement_list '}'  (33)
	matched_statement : '{' . '}'  (34)

	CONSTANT  shift 28
	IDENTIFIER  shift 10
	IF  shift 29
	RETURN  shift 30
	DO  shift 31
	WHILE  shift 32
	FOR  shift 33
	INC_OP  shift 34
	DEC_OP  shift 35
	U_PLUS  shift 36
	U_MINUS  shift 37
	'!'  shift 38
	'('  shift 39
	'{'  shift 40
	'}'  shift 67
	.  error

	id  goto 41
	expression  goto 43
	assignment  goto 44
	statement  goto 45
	statement_list  goto 68
	matched_statement  goto 47
	unmatched_statement  goto 48


state 41
	assignment : id . '=' expression  (40)
	expression : id . '(' exp_list ')'  (62)
	expression : id . '(' ')'  (63)
	expression : id .  (64)

	'='  shift 69
	'('  shift 70
	EQUAL  reduce 64
	NOT_EQUAL  reduce 64
	GREATER_OR_EQUAL  reduce 64
	LESS_OR_EQUAL  reduce 64
	SHIFTLEFT  reduce 64
	LOG_AND  reduce 64
	LOG_OR  reduce 64
	'<'  reduce 64
	'>'  reduce 64
	'+'  reduce 64
	'-'  reduce 64
	'*'  reduce 64
	'/'  reduce 64
	'%'  reduce 64
	')'  reduce 64
	';'  reduce 64


state 42
	declaration_list : declaration . ';'  (8)
	declaration : declaration . ',' id  (12)

	';'  shift 71
	','  shift 72
	.  error


state 43
	assignment : expression .  (39)
	expression : expression . LOG_OR marker expression  (43)
	expression : expression . LOG_AND marker expression  (44)
	expression : expression . NOT_EQUAL expression  (45)
	expression : expression . EQUAL expression  (46)
	expression : expression . GREATER_OR_EQUAL expression  (47)
	expression : expression . LESS_OR_EQUAL expression  (48)
	expression : expression . '>' expression  (49)
	expression : expression . '<' expression  (50)
	expression : expression . SHIFTLEFT expression  (51)
	expression : expression . '+' expression  (52)
	expression : expression . '-' expression  (53)
	expression : expression . '*' expression  (54)
	expression : expression . '/' expression  (55)
	expression : expression . '%' expression  (56)

	EQUAL  shift 73
	NOT_EQUAL  shift 74
	GREATER_OR_EQUAL  shift 75
	LESS_OR_EQUAL  shift 76
	SHIFTLEFT  shift 77
	LOG_AND  shift 78
	LOG_OR  shift 79
	'<'  shift 80
	'>'  shift 81
	'+'  shift 82
	'-'  shift 83
	'*'  shift 84
	'/'  shift 85
	'%'  shift 86
	')'  reduce 39
	';'  reduce 39


state 44
	matched_statement : assignment . ';'  (27)

	';'  shift 87
	.  error


state 45
	statement_list : statement .  (22)

	.  reduce 22


state 46
	function_body : '{' statement_list . '}'  (6)
	statement_list : statement_list . marker statement  (23)
	marker : .  (68)

	'}'  shift 88
	CONSTANT  reduce 68
	IDENTIFIER  reduce 68
	IF  reduce 68
	RETURN  reduce 68
	DO  reduce 68
	WHILE  reduce 68
	FOR  reduce 68
	INC_OP  reduce 68
	DEC_OP  reduce 68
	U_PLUS  reduce 68
	U_MINUS  reduce 68
	'!'  reduce 68
	'('  reduce 68
	'{'  reduce 68

	marker  goto 89


state 47
	statement : matched_statement .  (24)

	.  reduce 24


state 48
	statement : unmatched_statement .  (25)

	.  reduce 25


state 49
	function_body : '{' declaration_list . statement_list '}'  (7)
	declaration_list : declaration_list . declaration ';'  (9)

	INT  shift 26
	FLOAT  shift 27
	CONSTANT  shift 28
	IDENTIFIER  shift 10
	IF  shift 29
	RETURN  shift 30
	DO  shift 31
	WHILE  shift 32
	FOR  shift 33
	INC_OP  shift 34
	DEC_OP  shift 35
	U_PLUS  shift 36
	U_MINUS  shift 37
	'!'  shift 38
	'('  shift 39
	'{'  shift 40
	.  error

	id  goto 41
	declaration  goto 90
	expression  goto 43
	assignment  goto 44
	statement  goto 45
	statement_list  goto 91
	matched_statement  goto 47
	unmatched_statement  goto 48


state 50
	parameter_list : parameter_list ',' INT id .  (15)

	.  reduce 15


state 51
	parameter_list : parameter_list ',' FLOAT id .  (16)

	.  reduce 16


state 52
	declaration : INT id .  (10)

	.  reduce 10


state 53
	declaration : FLOAT id .  (11)

	.  reduce 11


state 54
	matched_statement : IF '(' . assignment ')' marker matched_statement jump_marker ELSE marker matched_statement  (26)
	unmatched_statement : IF '(' . assignment ')' marker statement  (35)
	unmatched_statement : IF '(' . assignment ')' marker matched_statement jump_marker ELSE marker unmatched_statement  (38)

	CONSTANT  shift 28
	IDENTIFIER  shift 10
	INC_OP  shift 34
	DEC_OP  shift 35
	U_PLUS  shift 36
	U_MINUS  shift 37
	'!'  shift 38
	'('  shift 39
	.  error

	id  goto 41
	expression  goto 43
	assignment  goto 92


state 55
	matched_statement : RETURN ';' .  (28)

	.  reduce 28


state 56
	matched_statement : RETURN assignment . ';'  (29)

	';'  shift 93
	.  error


state 57
	matched_statement : DO marker . statement WHILE '(' marker assignment ')' ';'  (31)

	CONSTANT  shift 28
	IDENTIFIER  shift 10
	IF  shift 29
	RETURN  shift 30
	DO  shift 31
	WHILE  shift 32
	FOR  shift 33
	INC_OP  shift 34
	DEC_OP  shift 35
	U_PLUS  shift 36
	U_MINUS  shift 37
	'!'  shift 38
	'('  shift 39
	'{'  shift 40
	.  error

	id  goto 41
	expression  goto 43
	assignment  goto 44
	statement  goto 94
	matched_statement  goto 47
	unmatched_statement  goto 48


state 58
	matched_statement : WHILE marker . '(' assignment ')' marker matched_statement jump_marker  (30)
	unmatched_statement : WHILE marker . '(' assignment ')' marker unmatched_statement jump_marker  (36)

	'('  shift 95
	.  error


state 59
	matched_statement : FOR '(' . assignment ';' marker assignment ';' marker assignment jump_marker ')' marker matched_statement jump_marker  (32)
	unmatched_statement : FOR '(' . assignment ';' marker assignment ';' marker assignment jump_marker ')' marker unmatched_statement jump_marker  (37)

	CONSTANT  shift 28
	IDENTIFIER  shift 10
	INC_OP  shift 34
	DEC_OP  shift 35
	U_PLUS  shift 36
	U_MINUS  shift 37
	'!'  shift 38
	'('  shift 39
	.  error

	id  goto 41
	expression  goto 43
	assignment  goto 96


state 60
	expression : id . '(' exp_list ')'  (62)
	expression : id . '(' ')'  (63)
	expression : id .  (64)

	'('  shift 70
	EQUAL  reduce 64
	NOT_EQUAL  reduce 64
	GREATER_OR_EQUAL  reduce 64
	LESS_OR_EQUAL  reduce 64
	SHIFTLEFT  reduce 64
	LOG_AND  reduce 64
	LOG_OR  reduce 64
	'<'  reduce 64
	'>'  reduce 64
	'+'  reduce 64
	'-'  reduce 64
	'*'  reduce 64
	'/'  reduce 64
	'%'  reduce 64
	')'  reduce 64
	';'  reduce 64
	','  reduce 64


state 61
	expression : INC_OP expression .  (41)
	expression : expression . LOG_OR marker expression  (43)
	expression : expression . LOG_AND marker expression  (44)
	expression : expression . NOT_EQUAL expression  (45)
	expression : expression . EQUAL expression  (46)
	expression : expression . GREATER_OR_EQUAL expression  (47)
	expression : expression . LESS_OR_EQUAL expression  (48)
	expression : expression . '>' expression  (49)
	expression : expression . '<' expression  (50)
	expression : expression . SHIFTLEFT expression  (51)
	expression : expression . '+' expression  (52)
	expression : expression . '-' expression  (53)
	expression : expression . '*' expression  (54)
	expression : expression . '/' expression  (55)
	expression : expression . '%' expression  (56)

	.  reduce 41


state 62
	expression : DEC_OP expression .  (42)
	expression : expression . LOG_OR marker expression  (43)
	expression : expression . LOG_AND marker expression  (44)
	expression : expression . NOT_EQUAL expression  (45)
	expression : expression . EQUAL expression  (46)
	expression : expression . GREATER_OR_EQUAL expression  (47)
	expression : expression . LESS_OR_EQUAL expression  (48)
	expression : expression . '>' expression  (49)
	expression : expression . '<' expression  (50)
	expression : expression . SHIFTLEFT expression  (51)
	expression : expression . '+' expression  (52)
	expression : expression . '-' expression  (53)
	expression : expression . '*' expression  (54)
	expression : expression . '/' expression  (55)
	expression : expression . '%' expression  (56)

	.  reduce 42


state 63
	expression : expression . LOG_OR marker expression  (43)
	expression : expression . LOG_AND marker expression  (44)
	expression : expression . NOT_EQUAL expression  (45)
	expression : expression . EQUAL expression  (46)
	expression : expression . GREATER_OR_EQUAL expression  (47)
	expression : expression . LESS_OR_EQUAL expression  (48)
	expression : expression . '>' expression  (49)
	expression : expression . '<' expression  (50)
	expression : expression . SHIFTLEFT expression  (51)
	expression : expression . '+' expression  (52)
	expression : expression . '-' expression  (53)
	expression : expression . '*' expression  (54)
	expression : expression . '/' expression  (55)
	expression : expression . '%' expression  (56)
	expression : U_PLUS expression .  (58)

	.  reduce 58


state 64
	expression : expression . LOG_OR marker expression  (43)
	expression : expression . LOG_AND marker expression  (44)
	expression : expression . NOT_EQUAL expression  (45)
	expression : expression . EQUAL expression  (46)
	expression : expression . GREATER_OR_EQUAL expression  (47)
	expression : expression . LESS_OR_EQUAL expression  (48)
	expression : expression . '>' expression  (49)
	expression : expression . '<' expression  (50)
	expression : expression . SHIFTLEFT expression  (51)
	expression : expression . '+' expression  (52)
	expression : expression . '-' expression  (53)
	expression : expression . '*' expression  (54)
	expression : expression . '/' expression  (55)
	expression : expression . '%' expression  (56)
	expression : U_MINUS expression .  (59)

	.  reduce 59


state 65
	expression : expression . LOG_OR marker expression  (43)
	expression : expression . LOG_AND marker expression  (44)
	expression : expression . NOT_EQUAL expression  (45)
	expression : expression . EQUAL expression  (46)
	expression : expression . GREATER_OR_EQUAL expression  (47)
	expression : expression . LESS_OR_EQUAL expression  (48)
	expression : expression . '>' expression  (49)
	expression : expression . '<' expression  (50)
	expression : expression . SHIFTLEFT expression  (51)
	expression : expression . '+' expression  (52)
	expression : expression . '-' expression  (53)
	expression : expression . '*' expression  (54)
	expression : expression . '/' expression  (55)
	expression : expression . '%' expression  (56)
	expression : '!' expression .  (57)

	.  reduce 57


state 66
	expression : expression . LOG_OR marker expression  (43)
	expression : expression . LOG_AND marker expression  (44)
	expression : expression . NOT_EQUAL expression  (45)
	expression : expression . EQUAL expression  (46)
	expression : expression . GREATER_OR_EQUAL expression  (47)
	expression : expression . LESS_OR_EQUAL expression  (48)
	expression : expression . '>' expression  (49)
	expression : expression . '<' expression  (50)
	expression : expression . SHIFTLEFT expression  (51)
	expression : expression . '+' expression  (52)
	expression : expression . '-' expression  (53)
	expression : expression . '*' expression  (54)
	expression : expression . '/' expression  (55)
	expression : expression . '%' expression  (56)
	expression : '(' expression . ')'  (61)

	EQUAL  shift 73
	NOT_EQUAL  shift 74
	GREATER_OR_EQUAL  shift 75
	LESS_OR_EQUAL  shift 76
	SHIFTLEFT  shift 77
	LOG_AND  shift 78
	LOG_OR  shift 79
	'<'  shift 80
	'>'  shift 81
	'+'  shift 82
	'-'  shift 83
	'*'  shift 84
	'/'  shift 85
	'%'  shift 86
	')'  shift 97
	.  error


state 67
	matched_statement : '{' '}' .  (34)

	.  reduce 34


state 68
	statement_list : statement_list . marker statement  (23)
	matched_statement : '{' statement_list . '}'  (33)
	marker : .  (68)

	'}'  shift 98
	CONSTANT  reduce 68
	IDENTIFIER  reduce 68
	IF  reduce 68
	RETURN  reduce 68
	DO  reduce 68
	WHILE  reduce 68
	FOR  reduce 68
	INC_OP  reduce 68
	DEC_OP  reduce 68
	U_PLUS  reduce 68
	U_MINUS  reduce 68
	'!'  reduce 68
	'('  reduce 68
	'{'  reduce 68

	marker  goto 89


state 69
	assignment : id '=' . expression  (40)

	CONSTANT  shift 28
	IDENTIFIER  shift 10
	INC_OP  shift 34
	DEC_OP  shift 35
	U_PLUS  shift 36
	U_MINUS  shift 37
	'!'  shift 38
	'('  shift 39
	.  error

	id  goto 60
	expression  goto 99


state 70
	expression : id '(' . exp_list ')'  (62)
	expression : id '(' . ')'  (63)

	CONSTANT  shift 28
	IDENTIFIER  shift 10
	INC_OP  shift 34
	DEC_OP  shift 35
	U_PLUS  shift 36
	U_MINUS  shift 37
	'!'  shift 38
	'('  shift 39
	')'  shift 100
	.  error

	id  goto 60
	expression  goto 101
	exp_list  goto 102


state 71
	declaration_list : declaration ';' .  (8)

	.  reduce 8


state 72
	declaration : declaration ',' . id  (12)

	IDENTIFIER  shift 10
	.  error

	id  goto 103


state 73
	expression : expression EQUAL . expression  (46)

	CONSTANT  shift 28
	IDENTIFIER  shift 10
	INC_OP  shift 34
	DEC_OP  shift 35
	U_PLUS  shift 36
	U_MINUS  shift 37
	'!'  shift 38
	'('  shift 39
	.  error

	id  goto 60
	expression  goto 104


state 74
	expression : expression NOT_EQUAL . expression  (45)

	CONSTANT  shift 28
	IDENTIFIER  shift 10
	INC_OP  shift 34
	DEC_OP  shift 35
	U_PLUS  shift 36
	U_MINUS  shift 37
	'!'  shift 38
	'('  shift 39
	.  error

	id  goto 60
	expression  goto 105


state 75
	expression : expression GREATER_OR_EQUAL . expression  (47)

	CONSTANT  shift 28
	IDENTIFIER  shift 10
	INC_OP  shift 34
	DEC_OP  shift 35
	U_PLUS  shift 36
	U_MINUS  shift 37
	'!'  shift 38
	'('  shift 39
	.  error

	id  goto 60
	expression  goto 106


state 76
	expression : expression LESS_OR_EQUAL . expression  (48)

	CONSTANT  shift 28
	IDENTIFIER  shift 10
	INC_OP  shift 34
	DEC_OP  shift 35
	U_PLUS  shift 36
	U_MINUS  shift 37
	'!'  shift 38
	'('  shift 39
	.  error

	id  goto 60
	expression  goto 107


state 77
	expression : expression SHIFTLEFT . expression  (51)

	CONSTANT  shift 28
	IDENTIFIER  shift 10
	INC_OP  shift 34
	DEC_OP  shift 35
	U_PLUS  shift 36
	U_MINUS  shift 37
	'!'  shift 38
	'('  shift 39
	.  error

	id  goto 60
	expression  goto 108


state 78
	expression : expression LOG_AND . marker expression  (44)
	marker : .  (68)

	.  reduce 68

	marker  goto 109


state 79
	expression : expression LOG_OR . marker expression  (43)
	marker : .  (68)

	.  reduce 68

	marker  goto 110


state 80
	expression : expression '<' . expression  (50)

	CONSTANT  shift 28
	IDENTIFIER  shift 10
	INC_OP  shift 34
	DEC_OP  shift 35
	U_PLUS  shift 36
	U_MINUS  shift 37
	'!'  shift 38
	'('  shift 39
	.  error

	id  goto 60
	expression  goto 111


state 81
	expression : expression '>' . expression  (49)

	CONSTANT  shift 28
	IDENTIFIER  shift 10
	INC_OP  shift 34
	DEC_OP  shift 35
	U_PLUS  shift 36
	U_MINUS  shift 37
	'!'  shift 38
	'('  shift 39
	.  error

	id  goto 60
	expression  goto 112


state 82
	expression : expression '+' . expression  (52)

	CONSTANT  shift 28
	IDENTIFIER  shift 10
	INC_OP  shift 34
	DEC_OP  shift 35
	U_PLUS  shift 36
	U_MINUS  shift 37
	'!'  shift 38
	'('  shift 39
	.  error

	id  goto 60
	expression  goto 113


state 83
	expression : expression '-' . expression  (53)

	CONSTANT  shift 28
	IDENTIFIER  shift 10
	INC_OP  shift 34
	DEC_OP  shift 35
	U_PLUS  shift 36
	U_MINUS  shift 37
	'!'  shift 38
	'('  shift 39
	.  error

	id  goto 60
	expression  goto 114


state 84
	expression : expression '*' . expression  (54)

	CONSTANT  shift 28
	IDENTIFIER  shift 10
	INC_OP  shift 34
	DEC_OP  shift 35
	U_PLUS  shift 36
	U_MINUS  shift 37
	'!'  shift 38
	'('  shift 39
	.  error

	id  goto 60
	expression  goto 115


state 85
	expression : expression '/' . expression  (55)

	CONSTANT  shift 28
	IDENTIFIER  shift 10
	INC_OP  shift 34
	DEC_OP  shift 35
	U_PLUS  shift 36
	U_MINUS  shift 37
	'!'  shift 38
	'('  shift 39
	.  error

	id  goto 60
	expression  goto 116


state 86
	expression : expression '%' . expression  (56)

	CONSTANT  shift 28
	IDENTIFIER  shift 10
	INC_OP  shift 34
	DEC_OP  shift 35
	U_PLUS  shift 36
	U_MINUS  shift 37
	'!'  shift 38
	'('  shift 39
	.  error

	id  goto 60
	expression  goto 117


state 87
	matched_statement : assignment ';' .  (27)

	.  reduce 27


state 88
	function_body : '{' statement_list '}' .  (6)

	.  reduce 6


state 89
	statement_list : statement_list marker . statement  (23)

	CONSTANT  shift 28
	IDENTIFIER  shift 10
	IF  shift 29
	RETURN  shift 30
	DO  shift 31
	WHILE  shift 32
	FOR  shift 33
	INC_OP  shift 34
	DEC_OP  shift 35
	U_PLUS  shift 36
	U_MINUS  shift 37
	'!'  shift 38
	'('  shift 39
	'{'  shift 40
	.  error

	id  goto 41
	expression  goto 43
	assignment  goto 44
	statement  goto 118
	matched_statement  goto 47
	unmatched_statement  goto 48


state 90
	declaration_list : declaration_list declaration . ';'  (9)
	declaration : declaration . ',' id  (12)

	';'  shift 119
	','  shift 72
	.  error


state 91
	function_body : '{' declaration_list statement_list . '}'  (7)
	statement_list : statement_list . marker statement  (23)
	marker : .  (68)

	'}'  shift 120
	CONSTANT  reduce 68
	IDENTIFIER  reduce 68
	IF  reduce 68
	RETURN  reduce 68
	DO  reduce 68
	WHILE  reduce 68
	FOR  reduce 68
	INC_OP  reduce 68
	DEC_OP  reduce 68
	U_PLUS  reduce 68
	U_MINUS  reduce 68
	'!'  reduce 68
	'('  reduce 68
	'{'  reduce 68

	marker  goto 89


state 92
	matched_statement : IF '(' assignment . ')' marker matched_statement jump_marker ELSE marker matched_statement  (26)
	unmatched_statement : IF '(' assignment . ')' marker statement  (35)
	unmatched_statement : IF '(' assignment . ')' marker matched_statement jump_marker ELSE marker unmatched_statement  (38)

	')'  shift 121
	.  error


state 93
	matched_statement : RETURN assignment ';' .  (29)

	.  reduce 29


state 94
	matched_statement : DO marker statement . WHILE '(' marker assignment ')' ';'  (31)

	WHILE  shift 122
	.  error


state 95
	matched_statement : WHILE marker '(' . assignment ')' marker matched_statement jump_marker  (30)
	unmatched_statement : WHILE marker '(' . assignment ')' marker unmatched_statement jump_marker  (36)

	CONSTANT  shift 28
	IDENTIFIER  shift 10
	INC_OP  shift 34
	DEC_OP  shift 35
	U_PLUS  shift 36
	U_MINUS  shift 37
	'!'  shift 38
	'('  shift 39
	.  error

	id  goto 41
	expression  goto 43
	assignment  goto 123


state 96
	matched_statement : FOR '(' assignment . ';' marker assignment ';' marker assignment jump_marker ')' marker matched_statement jump_marker  (32)
	unmatched_statement : FOR '(' assignment . ';' marker assignment ';' marker assignment jump_marker ')' marker unmatched_statement jump_marker  (37)

	';'  shift 124
	.  error


state 97
	expression : '(' expression ')' .  (61)

	.  reduce 61


state 98
	matched_statement : '{' statement_list '}' .  (33)

	.  reduce 33


state 99
	assignment : id '=' expression .  (40)
	expression : expression . LOG_OR marker expression  (43)
	expression : expression . LOG_AND marker expression  (44)
	expression : expression . NOT_EQUAL expression  (45)
	expression : expression . EQUAL expression  (46)
	expression : expression . GREATER_OR_EQUAL expression  (47)
	expression : expression . LESS_OR_EQUAL expression  (48)
	expression : expression . '>' expression  (49)
	expression : expression . '<' expression  (50)
	expression : expression . SHIFTLEFT expression  (51)
	expression : expression . '+' expression  (52)
	expression : expression . '-' expression  (53)
	expression : expression . '*' expression  (54)
	expression : expression . '/' expression  (55)
	expression : expression . '%' expression  (56)

	EQUAL  shift 73
	NOT_EQUAL  shift 74
	GREATER_OR_EQUAL  shift 75
	LESS_OR_EQUAL  shift 76
	SHIFTLEFT  shift 77
	LOG_AND  shift 78
	LOG_OR  shift 79
	'<'  shift 80
	'>'  shift 81
	'+'  shift 82
	'-'  shift 83
	'*'  shift 84
	'/'  shift 85
	'%'  shift 86
	')'  reduce 40
	';'  reduce 40


state 100
	expression : id '(' ')' .  (63)

	.  reduce 63


state 101
	expression : expression . LOG_OR marker expression  (43)
	expression : expression . LOG_AND marker expression  (44)
	expression : expression . NOT_EQUAL expression  (45)
	expression : expression . EQUAL expression  (46)
	expression : expression . GREATER_OR_EQUAL expression  (47)
	expression : expression . LESS_OR_EQUAL expression  (48)
	expression : expression . '>' expression  (49)
	expression : expression . '<' expression  (50)
	expression : expression . SHIFTLEFT expression  (51)
	expression : expression . '+' expression  (52)
	expression : expression . '-' expression  (53)
	expression : expression . '*' expression  (54)
	expression : expression . '/' expression  (55)
	expression : expression . '%' expression  (56)
	exp_list : expression .  (65)

	EQUAL  shift 73
	NOT_EQUAL  shift 74
	GREATER_OR_EQUAL  shift 75
	LESS_OR_EQUAL  shift 76
	SHIFTLEFT  shift 77
	LOG_AND  shift 78
	LOG_OR  shift 79
	'<'  shift 80
	'>'  shift 81
	'+'  shift 82
	'-'  shift 83
	'*'  shift 84
	'/'  shift 85
	'%'  shift 86
	')'  reduce 65
	','  reduce 65


state 102
	expression : id '(' exp_list . ')'  (62)
	exp_list : exp_list . ',' expression  (66)

	')'  shift 125
	','  shift 126
	.  error


state 103
	declaration : declaration ',' id .  (12)

	.  reduce 12


state 104
	expression : expression . LOG_OR marker expression  (43)
	expression : expression . LOG_AND marker expression  (44)
	expression : expression . NOT_EQUAL expression  (45)
	expression : expression . EQUAL expression  (46)
	expression : expression EQUAL expression .  (46)
	expression : expression . GREATER_OR_EQUAL expression  (47)
	expression : expression . LESS_OR_EQUAL expression  (48)
	expression : expression . '>' expression  (49)
	expression : expression . '<' expression  (50)
	expression : expression . SHIFTLEFT expression  (51)
	expression : expression . '+' expression  (52)
	expression : expression . '-' expression  (53)
	expression : expression . '*' expression  (54)
	expression : expression . '/' expression  (55)
	expression : expression . '%' expression  (56)

	SHIFTLEFT  shift 77
	'+'  shift 82
	'-'  shift 83
	'*'  shift 84
	'/'  shift 85
	'%'  shift 86
	EQUAL  reduce 46
	NOT_EQUAL  reduce 46
	GREATER_OR_EQUAL  reduce 46
	LESS_OR_EQUAL  reduce 46
	LOG_AND  reduce 46
	LOG_OR  reduce 46
	'<'  reduce 46
	'>'  reduce 46
	')'  reduce 46
	';'  reduce 46
	','  reduce 46


state 105
	expression : expression . LOG_OR marker expression  (43)
	expression : expression . LOG_AND marker expression  (44)
	expression : expression . NOT_EQUAL expression  (45)
	expression : expression NOT_EQUAL expression .  (45)
	expression : expression . EQUAL expression  (46)
	expression : expression . GREATER_OR_EQUAL expression  (47)
	expression : expression . LESS_OR_EQUAL expression  (48)
	expression : expression . '>' expression  (49)
	expression : expression . '<' expression  (50)
	expression : expression . SHIFTLEFT expression  (51)
	expression : expression . '+' expression  (52)
	expression : expression . '-' expression  (53)
	expression : expression . '*' expression  (54)
	expression : expression . '/' expression  (55)
	expression : expression . '%' expression  (56)

	SHIFTLEFT  shift 77
	'+'  shift 82
	'-'  shift 83
	'*'  shift 84
	'/'  shift 85
	'%'  shift 86
	EQUAL  reduce 45
	NOT_EQUAL  reduce 45
	GREATER_OR_EQUAL  reduce 45
	LESS_OR_EQUAL  reduce 45
	LOG_AND  reduce 45
	LOG_OR  reduce 45
	'<'  reduce 45
	'>'  reduce 45
	')'  reduce 45
	';'  reduce 45
	','  reduce 45


state 106
	expression : expression . LOG_OR marker expression  (43)
	expression : expression . LOG_AND marker expression  (44)
	expression : expression . NOT_EQUAL expression  (45)
	expression : expression . EQUAL expression  (46)
	expression : expression . GREATER_OR_EQUAL expression  (47)
	expression : expression GREATER_OR_EQUAL expression .  (47)
	expression : expression . LESS_OR_EQUAL expression  (48)
	expression : expression . '>' expression  (49)
	expression : expression . '<' expression  (50)
	expression : expression . SHIFTLEFT expression  (51)
	expression : expression . '+' expression  (52)
	expression : expression . '-' expression  (53)
	expression : expression . '*' expression  (54)
	expression : expression . '/' expression  (55)
	expression : expression . '%' expression  (56)

	EQUAL  shift 73
	NOT_EQUAL  shift 74
	SHIFTLEFT  shift 77
	'+'  shift 82
	'-'  shift 83
	'*'  shift 84
	'/'  shift 85
	'%'  shift 86
	GREATER_OR_EQUAL  reduce 47
	LESS_OR_EQUAL  reduce 47
	LOG_AND  reduce 47
	LOG_OR  reduce 47
	'<'  reduce 47
	'>'  reduce 47
	')'  reduce 47
	';'  reduce 47
	','  reduce 47


state 107
	expression : expression . LOG_OR marker expression  (43)
	expression : expression . LOG_AND marker expression  (44)
	expression : expression . NOT_EQUAL expression  (45)
	expression : expression . EQUAL expression  (46)
	expression : expression . GREATER_OR_EQUAL expression  (47)
	expression : expression . LESS_OR_EQUAL expression  (48)
	expression : expression LESS_OR_EQUAL expression .  (48)
	expression : expression . '>' expression  (49)
	expression : expression . '<' expression  (50)
	expression : expression . SHIFTLEFT expression  (51)
	expression : expression . '+' expression  (52)
	expression : expression . '-' expression  (53)
	expression : expression . '*' expression  (54)
	expression : expression . '/' expression  (55)
	expression : expression . '%' expression  (56)

	EQUAL  shift 73
	NOT_EQUAL  shift 74
	SHIFTLEFT  shift 77
	'+'  shift 82
	'-'  shift 83
	'*'  shift 84
	'/'  shift 85
	'%'  shift 86
	GREATER_OR_EQUAL  reduce 48
	LESS_OR_EQUAL  reduce 48
	LOG_AND  reduce 48
	LOG_OR  reduce 48
	'<'  reduce 48
	'>'  reduce 48
	')'  reduce 48
	';'  reduce 48
	','  reduce 48


state 108
	expression : expression . LOG_OR marker expression  (43)
	expression : expression . LOG_AND marker expression  (44)
	expression : expression . NOT_EQUAL expression  (45)
	expression : expression . EQUAL expression  (46)
	expression : expression . GREATER_OR_EQUAL expression  (47)
	expression : expression . LESS_OR_EQUAL expression  (48)
	expression : expression . '>' expression  (49)
	expression : expression . '<' expression  (50)
	expression : expression . SHIFTLEFT expression  (51)
	expression : expression SHIFTLEFT expression .  (51)
	expression : expression . '+' expression  (52)
	expression : expression . '-' expression  (53)
	expression : expression . '*' expression  (54)
	expression : expression . '/' expression  (55)
	expression : expression . '%' expression  (56)

	'+'  shift 82
	'-'  shift 83
	'*'  shift 84
	'/'  shift 85
	'%'  shift 86
	EQUAL  reduce 51
	NOT_EQUAL  reduce 51
	GREATER_OR_EQUAL  reduce 51
	LESS_OR_EQUAL  reduce 51
	SHIFTLEFT  reduce 51
	LOG_AND  reduce 51
	LOG_OR  reduce 51
	'<'  reduce 51
	'>'  reduce 51
	')'  reduce 51
	';'  reduce 51
	','  reduce 51


state 109
	expression : expression LOG_AND marker . expression  (44)

	CONSTANT  shift 28
	IDENTIFIER  shift 10
	INC_OP  shift 34
	DEC_OP  shift 35
	U_PLUS  shift 36
	U_MINUS  shift 37
	'!'  shift 38
	'('  shift 39
	.  error

	id  goto 60
	expression  goto 127


state 110
	expression : expression LOG_OR marker . expression  (43)

	CONSTANT  shift 28
	IDENTIFIER  shift 10
	INC_OP  shift 34
	DEC_OP  shift 35
	U_PLUS  shift 36
	U_MINUS  shift 37
	'!'  shift 38
	'('  shift 39
	.  error

	id  goto 60
	expression  goto 128


state 111
	expression : expression . LOG_OR marker expression  (43)
	expression : expression . LOG_AND marker expression  (44)
	expression : expression . NOT_EQUAL expression  (45)
	expression : expression . EQUAL expression  (46)
	expression : expression . GREATER_OR_EQUAL expression  (47)
	expression : expression . LESS_OR_EQUAL expression  (48)
	expression : expression . '>' expression  (49)
	expression : expression . '<' expression  (50)
	expression : expression '<' expression .  (50)
	expression : expression . SHIFTLEFT expression  (51)
	expression : expression . '+' expression  (52)
	expression : expression . '-' expression  (53)
	expression : expression . '*' expression  (54)
	expression : expression . '/' expression  (55)
	expression : expression . '%' expression  (56)

	EQUAL  shift 73
	NOT_EQUAL  shift 74
	SHIFTLEFT  shift 77
	'+'  shift 82
	'-'  shift 83
	'*'  shift 84
	'/'  shift 85
	'%'  shift 86
	GREATER_OR_EQUAL  reduce 50
	LESS_OR_EQUAL  reduce 50
	LOG_AND  reduce 50
	LOG_OR  reduce 50
	'<'  reduce 50
	'>'  reduce 50
	')'  reduce 50
	';'  reduce 50
	','  reduce 50


state 112
	expression : expression . LOG_OR marker expression  (43)
	expression : expression . LOG_AND marker expression  (44)
	expression : expression . NOT_EQUAL expression  (45)
	expression : expression . EQUAL expression  (46)
	expression : expression . GREATER_OR_EQUAL expression  (47)
	expression : expression . LESS_OR_EQUAL expression  (48)
	expression : expression . '>' expression  (49)
	expression : expression '>' expression .  (49)
	expression : expression . '<' expression  (50)
	expression : expression . SHIFTLEFT expression  (51)
	expression : expression . '+' expression  (52)
	expression : expression . '-' expression  (53)
	expression : expression . '*' expression  (54)
	expression : expression . '/' expression  (55)
	expression : expression . '%' expression  (56)

	EQUAL  shift 73
	NOT_EQUAL  shift 74
	SHIFTLEFT  shift 77
	'+'  shift 82
	'-'  shift 83
	'*'  shift 84
	'/'  shift 85
	'%'  shift 86
	GREATER_OR_EQUAL  reduce 49
	LESS_OR_EQUAL  reduce 49
	LOG_AND  reduce 49
	LOG_OR  reduce 49
	'<'  reduce 49
	'>'  reduce 49
	')'  reduce 49
	';'  reduce 49
	','  reduce 49


state 113
	expression : expression . LOG_OR marker expression  (43)
	expression : expression . LOG_AND marker expression  (44)
	expression : expression . NOT_EQUAL expression  (45)
	expression : expression . EQUAL expression  (46)
	expression : expression . GREATER_OR_EQUAL expression  (47)
	expression : expression . LESS_OR_EQUAL expression  (48)
	expression : expression . '>' expression  (49)
	expression : expression . '<' expression  (50)
	expression : expression . SHIFTLEFT expression  (51)
	expression : expression . '+' expression  (52)
	expression : expression '+' expression .  (52)
	expression : expression . '-' expression  (53)
	expression : expression . '*' expression  (54)
	expression : expression . '/' expression  (55)
	expression : expression . '%' expression  (56)

	'*'  shift 84
	'/'  shift 85
	'%'  shift 86
	EQUAL  reduce 52
	NOT_EQUAL  reduce 52
	GREATER_OR_EQUAL  reduce 52
	LESS_OR_EQUAL  reduce 52
	SHIFTLEFT  reduce 52
	LOG_AND  reduce 52
	LOG_OR  reduce 52
	'<'  reduce 52
	'>'  reduce 52
	'+'  reduce 52
	'-'  reduce 52
	')'  reduce 52
	';'  reduce 52
	','  reduce 52


state 114
	expression : expression . LOG_OR marker expression  (43)
	expression : expression . LOG_AND marker expression  (44)
	expression : expression . NOT_EQUAL expression  (45)
	expression : expression . EQUAL expression  (46)
	expression : expression . GREATER_OR_EQUAL expression  (47)
	expression : expression . LESS_OR_EQUAL expression  (48)
	expression : expression . '>' expression  (49)
	expression : expression . '<' expression  (50)
	expression : expression . SHIFTLEFT expression  (51)
	expression : expression . '+' expression  (52)
	expression : expression . '-' expression  (53)
	expression : expression '-' expression .  (53)
	expression : expression . '*' expression  (54)
	expression : expression . '/' expression  (55)
	expression : expression . '%' expression  (56)

	'*'  shift 84
	'/'  shift 85
	'%'  shift 86
	EQUAL  reduce 53
	NOT_EQUAL  reduce 53
	GREATER_OR_EQUAL  reduce 53
	LESS_OR_EQUAL  reduce 53
	SHIFTLEFT  reduce 53
	LOG_AND  reduce 53
	LOG_OR  reduce 53
	'<'  reduce 53
	'>'  reduce 53
	'+'  reduce 53
	'-'  reduce 53
	')'  reduce 53
	';'  reduce 53
	','  reduce 53


state 115
	expression : expression . LOG_OR marker expression  (43)
	expression : expression . LOG_AND marker expression  (44)
	expression : expression . NOT_EQUAL expression  (45)
	expression : expression . EQUAL expression  (46)
	expression : expression . GREATER_OR_EQUAL expression  (47)
	expression : expression . LESS_OR_EQUAL expression  (48)
	expression : expression . '>' expression  (49)
	expression : expression . '<' expression  (50)
	expression : expression . SHIFTLEFT expression  (51)
	expression : expression . '+' expression  (52)
	expression : expression . '-' expression  (53)
	expression : expression . '*' expression  (54)
	expression : expression '*' expression .  (54)
	expression : expression . '/' expression  (55)
	expression : expression . '%' expression  (56)

	.  reduce 54


state 116
	expression : expression . LOG_OR marker expression  (43)
	expression : expression . LOG_AND marker expression  (44)
	expression : expression . NOT_EQUAL expression  (45)
	expression : expression . EQUAL expression  (46)
	expression : expression . GREATER_OR_EQUAL expression  (47)
	expression : expression . LESS_OR_EQUAL expression  (48)
	expression : expression . '>' expression  (49)
	expression : expression . '<' expression  (50)
	expression : expression . SHIFTLEFT expression  (51)
	expression : expression . '+' expression  (52)
	expression : expression . '-' expression  (53)
	expression : expression . '*' expression  (54)
	expression : expression . '/' expression  (55)
	expression : expression '/' expression .  (55)
	expression : expression . '%' expression  (56)

	.  reduce 55


state 117
	expression : expression . LOG_OR marker expression  (43)
	expression : expression . LOG_AND marker expression  (44)
	expression : expression . NOT_EQUAL expression  (45)
	expression : expression . EQUAL expression  (46)
	expression : expression . GREATER_OR_EQUAL expression  (47)
	expression : expression . LESS_OR_EQUAL expression  (48)
	expression : expression . '>' expression  (49)
	expression : expression . '<' expression  (50)
	expression : expression . SHIFTLEFT expression  (51)
	expression : expression . '+' expression  (52)
	expression : expression . '-' expression  (53)
	expression : expression . '*' expression  (54)
	expression : expression . '/' expression  (55)
	expression : expression . '%' expression  (56)
	expression : expression '%' expression .  (56)

	.  reduce 56


state 118
	statement_list : statement_list marker statement .  (23)

	.  reduce 23


state 119
	declaration_list : declaration_list declaration ';' .  (9)

	.  reduce 9


state 120
	function_body : '{' declaration_list statement_list '}' .  (7)

	.  reduce 7


state 121
	matched_statement : IF '(' assignment ')' . marker matched_statement jump_marker ELSE marker matched_statement  (26)
	unmatched_statement : IF '(' assignment ')' . marker statement  (35)
	unmatched_statement : IF '(' assignment ')' . marker matched_statement jump_marker ELSE marker unmatched_statement  (38)
	marker : .  (68)

	.  reduce 68

	marker  goto 129


state 122
	matched_statement : DO marker statement WHILE . '(' marker assignment ')' ';'  (31)

	'('  shift 130
	.  error


state 123
	matched_statement : WHILE marker '(' assignment . ')' marker matched_statement jump_marker  (30)
	unmatched_statement : WHILE marker '(' assignment . ')' marker unmatched_statement jump_marker  (36)

	')'  shift 131
	.  error


state 124
	matched_statement : FOR '(' assignment ';' . marker assignment ';' marker assignment jump_marker ')' marker matched_statement jump_marker  (32)
	unmatched_statement : FOR '(' assignment ';' . marker assignment ';' marker assignment jump_marker ')' marker unmatched_statement jump_marker  (37)
	marker : .  (68)

	.  reduce 68

	marker  goto 132


state 125
	expression : id '(' exp_list ')' .  (62)

	.  reduce 62


state 126
	exp_list : exp_list ',' . expression  (66)

	CONSTANT  shift 28
	IDENTIFIER  shift 10
	INC_OP  shift 34
	DEC_OP  shift 35
	U_PLUS  shift 36
	U_MINUS  shift 37
	'!'  shift 38
	'('  shift 39
	.  error

	id  goto 60
	expression  goto 133


state 127
	expression : expression . LOG_OR marker expression  (43)
	expression : expression . LOG_AND marker expression  (44)
	expression : expression LOG_AND marker expression .  (44)
	expression : expression . NOT_EQUAL expression  (45)
	expression : expression . EQUAL expression  (46)
	expression : expression . GREATER_OR_EQUAL expression  (47)
	expression : expression . LESS_OR_EQUAL expression  (48)
	expression : expression . '>' expression  (49)
	expression : expression . '<' expression  (50)
	expression : expression . SHIFTLEFT expression  (51)
	expression : expression . '+' expression  (52)
	expression : expression . '-' expression  (53)
	expression : expression . '*' expression  (54)
	expression : expression . '/' expression  (55)
	expression : expression . '%' expression  (56)

	EQUAL  shift 73
	NOT_EQUAL  shift 74
	GREATER_OR_EQUAL  shift 75
	LESS_OR_EQUAL  shift 76
	SHIFTLEFT  shift 77
	'<'  shift 80
	'>'  shift 81
	'+'  shift 82
	'-'  shift 83
	'*'  shift 84
	'/'  shift 85
	'%'  shift 86
	LOG_AND  reduce 44
	LOG_OR  reduce 44
	')'  reduce 44
	';'  reduce 44
	','  reduce 44


state 128
	expression : expression . LOG_OR marker expression  (43)
	expression : expression LOG_OR marker expression .  (43)
	expression : expression . LOG_AND marker expression  (44)
	expression : expression . NOT_EQUAL expression  (45)
	expression : expression . EQUAL expression  (46)
	expression : expression . GREATER_OR_EQUAL expression  (47)
	expression : expression . LESS_OR_EQUAL expression  (48)
	expression : expression . '>' expression  (49)
	expression : expression . '<' expression  (50)
	expression : expression . SHIFTLEFT expression  (51)
	expression : expression . '+' expression  (52)
	expression : expression . '-' expression  (53)
	expression : expression . '*' expression  (54)
	expression : expression . '/' expression  (55)
	expression : expression . '%' expression  (56)

	EQUAL  shift 73
	NOT_EQUAL  shift 74
	GREATER_OR_EQUAL  shift 75
	LESS_OR_EQUAL  shift 76
	SHIFTLEFT  shift 77
	LOG_AND  shift 78
	'<'  shift 80
	'>'  shift 81
	'+'  shift 82
	'-'  shift 83
	'*'  shift 84
	'/'  shift 85
	'%'  shift 86
	LOG_OR  reduce 43
	')'  reduce 43
	';'  reduce 43
	','  reduce 43


state 129
	matched_statement : IF '(' assignment ')' marker . matched_statement jump_marker ELSE marker matched_statement  (26)
	unmatched_statement : IF '(' assignment ')' marker . statement  (35)
	unmatched_statement : IF '(' assignment ')' marker . matched_statement jump_marker ELSE marker unmatched_statement  (38)

	CONSTANT  shift 28
	IDENTIFIER  shift 10
	IF  shift 29
	RETURN  shift 30
	DO  shift 31
	WHILE  shift 32
	FOR  shift 33
	INC_OP  shift 34
	DEC_OP  shift 35
	U_PLUS  shift 36
	U_MINUS  shift 37
	'!'  shift 38
	'('  shift 39
	'{'  shift 40
	.  error

	id  goto 41
	expression  goto 43
	assignment  goto 44
	statement  goto 134
	matched_statement  goto 135
	unmatched_statement  goto 48


state 130
	matched_statement : DO marker statement WHILE '(' . marker assignment ')' ';'  (31)
	marker : .  (68)

	.  reduce 68

	marker  goto 136


state 131
	matched_statement : WHILE marker '(' assignment ')' . marker matched_statement jump_marker  (30)
	unmatched_statement : WHILE marker '(' assignment ')' . marker unmatched_statement jump_marker  (36)
	marker : .  (68)

	.  reduce 68

	marker  goto 137


state 132
	matched_statement : FOR '(' assignment ';' marker . assignment ';' marker assignment jump_marker ')' marker matched_statement jump_marker  (32)
	unmatched_statement : FOR '(' assignment ';' marker . assignment ';' marker assignment jump_marker ')' marker unmatched_statement jump_marker  (37)

	CONSTANT  shift 28
	IDENTIFIER  shift 10
	INC_OP  shift 34
	DEC_OP  shift 35
	U_PLUS  shift 36
	U_MINUS  shift 37
	'!'  shift 38
	'('  shift 39
	.  error

	id  goto 41
	expression  goto 43
	assignment  goto 138


state 133
	expression : expression . LOG_OR marker expression  (43)
	expression : expression . LOG_AND marker expression  (44)
	expression : expression . NOT_EQUAL expression  (45)
	expression : expression . EQUAL expression  (46)
	expression : expression . GREATER_OR_EQUAL expression  (47)
	expression : expression . LESS_OR_EQUAL expression  (48)
	expression : expression . '>' expression  (49)
	expression : expression . '<' expression  (50)
	expression : expression . SHIFTLEFT expression  (51)
	expression : expression . '+' expression  (52)
	expression : expression . '-' expression  (53)
	expression : expression . '*' expression  (54)
	expression : expression . '/' expression  (55)
	expression : expression . '%' expression  (56)
	exp_list : exp_list ',' expression .  (66)

	EQUAL  shift 73
	NOT_EQUAL  shift 74
	GREATER_OR_EQUAL  shift 75
	LESS_OR_EQUAL  shift 76
	SHIFTLEFT  shift 77
	LOG_AND  shift 78
	LOG_OR  shift 79
	'<'  shift 80
	'>'  shift 81
	'+'  shift 82
	'-'  shift 83
	'*'  shift 84
	'/'  shift 85
	'%'  shift 86
	')'  reduce 66
	','  reduce 66


state 134
	unmatched_statement : IF '(' assignment ')' marker statement .  (35)

	.  reduce 35


state 135
	statement : matched_statement .  (24)
	matched_statement : IF '(' assignment ')' marker matched_statement . jump_marker ELSE marker matched_statement  (26)
	unmatched_statement : IF '(' assignment ')' marker matched_statement . jump_marker ELSE marker unmatched_statement  (38)
	jump_marker : .  (69)

	CONSTANT  reduce 24
	IDENTIFIER  reduce 24
	IF  reduce 24
	ELSE  reduce 69
	RETURN  reduce 24
	DO  reduce 24
	WHILE  reduce 24
	FOR  reduce 24
	INC_OP  reduce 24
	DEC_OP  reduce 24
	U_PLUS  reduce 24
	U_MINUS  reduce 24
	'!'  reduce 24
	'('  reduce 24
	'{'  reduce 24
	'}'  reduce 24

	jump_marker  goto 139


state 136
	matched_statement : DO marker statement WHILE '(' marker . assignment ')' ';'  (31)

	CONSTANT  shift 28
	IDENTIFIER  shift 10
	INC_OP  shift 34
	DEC_OP  shift 35
	U_PLUS  shift 36
	U_MINUS  shift 37
	'!'  shift 38
	'('  shift 39
	.  error

	id  goto 41
	expression  goto 43
	assignment  goto 140


state 137
	matched_statement : WHILE marker '(' assignment ')' marker . matched_statement jump_marker  (30)
	unmatched_statement : WHILE marker '(' assignment ')' marker . unmatched_statement jump_marker  (36)

	CONSTANT  shift 28
	IDENTIFIER  shift 10
	IF  shift 29
	RETURN  shift 30
	DO  shift 31
	WHILE  shift 32
	FOR  shift 33
	INC_OP  shift 34
	DEC_OP  shift 35
	U_PLUS  shift 36
	U_MINUS  shift 37
	'!'  shift 38
	'('  shift 39
	'{'  shift 40
	.  error

	id  goto 41
	expression  goto 43
	assignment  goto 44
	matched_statement  goto 141
	unmatched_statement  goto 142


state 138
	matched_statement : FOR '(' assignment ';' marker assignment . ';' marker assignment jump_marker ')' marker matched_statement jump_marker  (32)
	unmatched_statement : FOR '(' assignment ';' marker assignment . ';' marker assignment jump_marker ')' marker unmatched_statement jump_marker  (37)

	';'  shift 143
	.  error


state 139
	matched_statement : IF '(' assignment ')' marker matched_statement jump_marker . ELSE marker matched_statement  (26)
	unmatched_statement : IF '(' assignment ')' marker matched_statement jump_marker . ELSE marker unmatched_statement  (38)

	ELSE  shift 144
	.  error


state 140
	matched_statement : DO marker statement WHILE '(' marker assignment . ')' ';'  (31)

	')'  shift 145
	.  error


state 141
	matched_statement : WHILE marker '(' assignment ')' marker matched_statement . jump_marker  (30)
	jump_marker : .  (69)

	.  reduce 69

	jump_marker  goto 146


state 142
	unmatched_statement : WHILE marker '(' assignment ')' marker unmatched_statement . jump_marker  (36)
	jump_marker : .  (69)

	.  reduce 69

	jump_marker  goto 147


state 143
	matched_statement : FOR '(' assignment ';' marker assignment ';' . marker assignment jump_marker ')' marker matched_statement jump_marker  (32)
	unmatched_statement : FOR '(' assignment ';' marker assignment ';' . marker assignment jump_marker ')' marker unmatched_statement jump_marker  (37)
	marker : .  (68)

	.  reduce 68

	marker  goto 148


state 144
	matched_statement : IF '(' assignment ')' marker matched_statement jump_marker ELSE . marker matched_statement  (26)
	unmatched_statement : IF '(' assignment ')' marker matched_statement jump_marker ELSE . marker unmatched_statement  (38)
	marker : .  (68)

	.  reduce 68

	marker  goto 149


state 145
	matched_statement : DO marker statement WHILE '(' marker assignment ')' . ';'  (31)

	';'  shift 150
	.  error


state 146
	matched_statement : WHILE marker '(' assignment ')' marker matched_statement jump_marker .  (30)

	.  reduce 30


state 147
	unmatched_statement : WHILE marker '(' assignment ')' marker unmatched_statement jump_marker .  (36)

	.  reduce 36


state 148
	matched_statement : FOR '(' assignment ';' marker assignment ';' marker . assignment jump_marker ')' marker matched_statement jump_marker  (32)
	unmatched_statement : FOR '(' assignment ';' marker assignment ';' marker . assignment jump_marker ')' marker unmatched_statement jump_marker  (37)

	CONSTANT  shift 28
	IDENTIFIER  shift 10
	INC_OP  shift 34
	DEC_OP  shift 35
	U_PLUS  shift 36
	U_MINUS  shift 37
	'!'  shift 38
	'('  shift 39
	.  error

	id  goto 41
	expression  goto 43
	assignment  goto 151


state 149
	matched_statement : IF '(' assignment ')' marker matched_statement jump_marker ELSE marker . matched_statement  (26)
	unmatched_statement : IF '(' assignment ')' marker matched_statement jump_marker ELSE marker . unmatched_statement  (38)

	CONSTANT  shift 28
	IDENTIFIER  shift 10
	IF  shift 29
	RETURN  shift 30
	DO  shift 31
	WHILE  shift 32
	FOR  shift 33
	INC_OP  shift 34
	DEC_OP  shift 35
	U_PLUS  shift 36
	U_MINUS  shift 37
	'!'  shift 38
	'('  shift 39
	'{'  shift 40
	.  error

	id  goto 41
	expression  goto 43
	assignment  goto 44
	matched_statement  goto 152
	unmatched_statement  goto 153


state 150
	matched_statement : DO marker statement WHILE '(' marker assignment ')' ';' .  (31)

	.  reduce 31


state 151
	matched_statement : FOR '(' assignment ';' marker assignment ';' marker assignment . jump_marker ')' marker matched_statement jump_marker  (32)
	unmatched_statement : FOR '(' assignment ';' marker assignment ';' marker assignment . jump_marker ')' marker unmatched_statement jump_marker  (37)
	jump_marker : .  (69)

	.  reduce 69

	jump_marker  goto 154


state 152
	matched_statement : IF '(' assignment ')' marker matched_statement jump_marker ELSE marker matched_statement .  (26)

	.  reduce 26


state 153
	unmatched_statement : IF '(' assignment ')' marker matched_statement jump_marker ELSE marker unmatched_statement .  (38)

	.  reduce 38


state 154
	matched_statement : FOR '(' assignment ';' marker assignment ';' marker assignment jump_marker . ')' marker matched_statement jump_marker  (32)
	unmatched_statement : FOR '(' assignment ';' marker assignment ';' marker assignment jump_marker . ')' marker unmatched_statement jump_marker  (37)

	')'  shift 155
	.  error


state 155
	matched_statement : FOR '(' assignment ';' marker assignment ';' marker assignment jump_marker ')' . marker matched_statement jump_marker  (32)
	unmatched_statement : FOR '(' assignment ';' marker assignment ';' marker assignment jump_marker ')' . marker unmatched_statement jump_marker  (37)
	marker : .  (68)

	.  reduce 68

	marker  goto 156


state 156
	matched_statement : FOR '(' assignment ';' marker assignment ';' marker assignment jump_marker ')' marker . matched_statement jump_marker  (32)
	unmatched_statement : FOR '(' assignment ';' marker assignment ';' marker assignment jump_marker ')' marker . unmatched_statement jump_marker  (37)

	CONSTANT  shift 28
	IDENTIFIER  shift 10
	IF  shift 29
	RETURN  shift 30
	DO  shift 31
	WHILE  shift 32
	FOR  shift 33
	INC_OP  shift 34
	DEC_OP  shift 35
	U_PLUS  shift 36
	U_MINUS  shift 37
	'!'  shift 38
	'('  shift 39
	'{'  shift 40
	.  error

	id  goto 41
	expression  goto 43
	assignment  goto 44
	matched_statement  goto 157
	unmatched_statement  goto 158


state 157
	matched_statement : FOR '(' assignment ';' marker assignment ';' marker assignment jump_marker ')' marker matched_statement . jump_marker  (32)
	jump_marker : .  (69)

	.  reduce 69

	jump_marker  goto 159


state 158
	unmatched_statement : FOR '(' assignment ';' marker assignment ';' marker assignment jump_marker ')' marker unmatched_statement . jump_marker  (37)
	jump_marker : .  (69)

	.  reduce 69

	jump_marker  goto 160


state 159
	matched_statement : FOR '(' assignment ';' marker assignment ';' marker assignment jump_marker ')' marker matched_statement jump_marker .  (32)

	.  reduce 32


state 160
	unmatched_statement : FOR '(' assignment ';' marker assignment ';' marker assignment jump_marker ')' marker unmatched_statement jump_marker .  (37)

	.  reduce 37


39 terminals, 19 nonterminals
70 grammar rules, 161 states
